#
# There is insufficient memory for the Java Runtime Environment to continue.
# Native memory allocation (mmap) failed to map 65011712 bytes. Error detail: G1 virtual space
# Possible reasons:
#   The system is out of physical RAM or swap space
#   This process is running with CompressedOops enabled, and the Java Heap may be blocking the growth of the native heap
# Possible solutions:
#   Reduce memory load on the system
#   Increase physical memory or swap space
#   Check if swap backing store is full
#   Decrease Java heap size (-Xmx/-Xms)
#   Decrease number of Java threads
#   Decrease Java thread stack sizes (-Xss)
#   Set larger code cache with -XX:ReservedCodeCacheSize=
#   JVM is running with Unscaled Compressed Oops mode in which the Java heap is
#     placed in the first 4GB address space. The Java Heap base address is the
#     maximum limit for the native heap growth. Please use -XX:HeapBaseMinAddress
#     to set the Java Heap base and to place the Java Heap above 4GB virtual address.
# This output file may be truncated or incomplete.
#
#  Out of Memory Error (os_windows.cpp:3631), pid=1180, tid=12476
#
# JRE version:  (22.0.1+8) (build )
# Java VM: OpenJDK 64-Bit Server VM (22.0.1+8, mixed mode, sharing, tiered, compressed oops, compressed class ptrs, g1 gc, windows-amd64)
# No core dump will be written. Minidumps are not enabled by default on client versions of Windows
#

---------------  S U M M A R Y ------------

Command Line: -Dfile.encoding=UTF-8 -Dstdout.encoding=UTF-8 -Dstderr.encoding=UTF-8 --module-path=C:\Users\My-PC\eclipse-workspace\BusRese\bin;C:\Users\My-PC\eclipse-workspace\BusRese\driver\mysql-connector-j-8.0.33.jar -XX:+ShowCodeDetailsInExceptionMessages -Djdk.module.main=BusRese BusRese/BusRese.BusReserve

Host: AMD PRO A4-4350B R4, 5 COMPUTE CORES 2C+3G     , 2 cores, 3G,  Windows 10 , 64 bit Build 19041 (10.0.19041.4717)
Time: Fri Sep 13 11:32:54 2024 India Standard Time elapsed time: 0.065043 seconds (0d 0h 0m 0s)

---------------  T H R E A D  ---------------

Current thread (0x000001de4af3ab40):  JavaThread "Unknown thread" [_thread_in_vm, id=12476, stack(0x000000c4daa00000,0x000000c4dab00000) (1024K)]

Stack: [0x000000c4daa00000,0x000000c4dab00000]
Native frames: (J=compiled Java code, j=interpreted, Vv=VM code, C=native code)
V  [jvm.dll+0x6ea239]  (no source info available)
V  [jvm.dll+0x8ccf93]  (no source info available)
V  [jvm.dll+0x8cf3be]  (no source info available)
V  [jvm.dll+0x8cfa93]  (no source info available)
V  [jvm.dll+0x286ea6]  (no source info available)
V  [jvm.dll+0x6e68c5]  (no source info available)
V  [jvm.dll+0x6db54a]  (no source info available)
V  [jvm.dll+0x3601ba]  (no source info available)
V  [jvm.dll+0x368686]  (no source info available)
V  [jvm.dll+0x3ba43e]  (no source info available)
V  [jvm.dll+0x3ba6e8]  (no source info available)
V  [jvm.dll+0x333cbc]  (no source info available)
V  [jvm.dll+0x334878]  (no source info available)
V  [jvm.dll+0x894ebc]  (no source info available)
V  [jvm.dll+0x3c7531]  (no source info available)
V  [jvm.dll+0x87dc3c]  (no source info available)
V  [jvm.dll+0x460e3e]  (no source info available)
V  [jvm.dll+0x462c51]  (no source info available)
C  [jli.dll+0x5278]  (no source info available)
C  [ucrtbase.dll+0x21bb2]  (no source info available)
C  [KERNEL32.DLL+0x17374]  (no source info available)
C  [ntdll.dll+0x4cc91]  (no source info available)


---------------  P R O C E S S  ---------------

Threads class SMR info:
_java_thread_list=0x00007ff82e1ac688, length=0, elements={
}

Java Threads: ( => current thread )
Total: 0

Other Threads:
  0x000001de4d1a7240 WorkerThread "GC Thread#0"                     [id=8464, stack(0x000000c4dab00000,0x000000c4dac00000) (1024K)]
  0x000001de4d1afc40 ConcurrentGCThread "G1 Main Marker"            [id=7280, stack(0x000000c4dac00000,0x000000c4dad00000) (1024K)]
  0x000001de4d1b0660 WorkerThread "G1 Conc#0"                       [id=6972, stack(0x000000c4dad00000,0x000000c4dae00000) (1024K)]

[error occurred during error reporting (printing all threads), id 0xc0000005, EXCEPTION_ACCESS_VIOLATION (0xc0000005) at pc=0x00007ff82d896b17]
VM state: not at safepoint (not fully initialized)

VM Mutex/Monitor currently owned by a thread:  ([mutex/lock_event])
[0x00007ff82e2300a8] Heap_lock - owner thread: 0x000001de4af3ab40

Heap address: 0x00000000c2800000, size: 984 MB, Compressed Oops mode: 32-bit

CDS archive(s) mapped at: [0x0000000000000000-0x0000000000000000-0x0000000000000000), size 0, SharedBaseAddress: 0x0000000800000000, ArchiveRelocationMode: 1.
Narrow klass base: 0x0000000000000000, Narrow klass shift: 0, Narrow klass range: 0x0

GC Precious Log:
 CardTable entry size: 512
 Card Set container configuration: InlinePtr #cards 5 size 8 Array Of Cards #cards 12 size 40 Howl #buckets 4 coarsen threshold 1843 Howl Bitmap #cards 512 size 80 coarsen threshold 460 Card regions per heap region 1 cards per card region 2048

Heap:
 garbage-first heap   total reserved 1007616K, committed 0K, used 0K [0x00000000c2800000, 0x0000000100000000)
  region size 1024K, 0 young (0K), 0 survivors (0K)

[error occurred during error reporting (printing heap information), id 0xc0000005, EXCEPTION_ACCESS_VIOLATION (0xc0000005) at pc=0x00007ff82dc96e29]
GC Heap History (0 events):
No events

Dll operation events (1 events):
Event: 0.024 Loaded shared library C:\Users\My-PC\.p2\pool\plugins\org.eclipse.justj.openjdk.hotspot.jre.full.win32.x86_64_22.0.1.v20240426-1149\jre\bin\java.dll

Deoptimization events (0 events):
No events

Classes loaded (0 events):
No events

Classes unloaded (0 events):
No events

Classes redefined (0 events):
No events

Internal exceptions (0 events):
No events

ZGC Phase Switch (0 events):
No events

VM Operations (0 events):
No events

Events (0 events):
No events


Dynamic libraries:
0x00007ff6158a0000 - 0x00007ff6158ae000 	C:\Users\My-PC\.p2\pool\plugins\org.eclipse.justj.openjdk.hotspot.jre.full.win32.x86_64_22.0.1.v20240426-1149\jre\bin\javaw.exe
0x00007ff87c190000 - 0x00007ff87c388000 	C:\Windows\SYSTEM32\ntdll.dll
0x00007ff87b370000 - 0x00007ff87b431000 	C:\Windows\System32\KERNEL32.DLL
0x00007ff879c20000 - 0x00007ff879f1d000 	C:\Windows\System32\KERNELBASE.dll
0x00007ff879b20000 - 0x00007ff879c20000 	C:\Windows\System32\ucrtbase.dll
0x00007ff86c1f0000 - 0x00007ff86c207000 	C:\Users\My-PC\.p2\pool\plugins\org.eclipse.justj.openjdk.hotspot.jre.full.win32.x86_64_22.0.1.v20240426-1149\jre\bin\jli.dll
0x00007ff86c1d0000 - 0x00007ff86c1eb000 	C:\Users\My-PC\.p2\pool\plugins\org.eclipse.justj.openjdk.hotspot.jre.full.win32.x86_64_22.0.1.v20240426-1149\jre\bin\VCRUNTIME140.dll
0x00007ff87ac90000 - 0x00007ff87ae2d000 	C:\Windows\System32\USER32.dll
0x00007ff879980000 - 0x00007ff8799a2000 	C:\Windows\System32\win32u.dll
0x00007ff87b040000 - 0x00007ff87b06b000 	C:\Windows\System32\GDI32.dll
0x00007ff86e1d0000 - 0x00007ff86e46a000 	C:\Windows\WinSxS\amd64_microsoft.windows.common-controls_6595b64144ccf1df_6.0.19041.4355_none_60b8b9eb71f62e16\COMCTL32.dll
0x00007ff87be90000 - 0x00007ff87bf2e000 	C:\Windows\System32\msvcrt.dll
0x00007ff879a00000 - 0x00007ff879b17000 	C:\Windows\System32\gdi32full.dll
0x00007ff879f50000 - 0x00007ff879fed000 	C:\Windows\System32\msvcp_win.dll
0x00007ff87b010000 - 0x00007ff87b03f000 	C:\Windows\System32\IMM32.DLL
0x00007ff876830000 - 0x00007ff87683c000 	C:\Users\My-PC\.p2\pool\plugins\org.eclipse.justj.openjdk.hotspot.jre.full.win32.x86_64_22.0.1.v20240426-1149\jre\bin\vcruntime140_1.dll
0x00007ff8639f0000 - 0x00007ff863a7e000 	C:\Users\My-PC\.p2\pool\plugins\org.eclipse.justj.openjdk.hotspot.jre.full.win32.x86_64_22.0.1.v20240426-1149\jre\bin\msvcp140.dll
0x00007ff82d550000 - 0x00007ff82e312000 	C:\Users\My-PC\.p2\pool\plugins\org.eclipse.justj.openjdk.hotspot.jre.full.win32.x86_64_22.0.1.v20240426-1149\jre\bin\server\jvm.dll
0x00007ff87b1a0000 - 0x00007ff87b250000 	C:\Windows\System32\ADVAPI32.dll
0x00007ff87b250000 - 0x00007ff87b2f0000 	C:\Windows\System32\sechost.dll
0x00007ff87bcc0000 - 0x00007ff87bde3000 	C:\Windows\System32\RPCRT4.dll
0x00007ff879f20000 - 0x00007ff879f47000 	C:\Windows\System32\bcrypt.dll
0x00007ff87c0e0000 - 0x00007ff87c14b000 	C:\Windows\System32\WS2_32.dll
0x00007ff879690000 - 0x00007ff8796db000 	C:\Windows\SYSTEM32\POWRPROF.dll
0x00007ff870040000 - 0x00007ff87004a000 	C:\Windows\SYSTEM32\VERSION.dll
0x00007ff870050000 - 0x00007ff870077000 	C:\Windows\SYSTEM32\WINMM.dll
0x00007ff8795c0000 - 0x00007ff8795d2000 	C:\Windows\SYSTEM32\UMPDC.dll
0x00007ff8776c0000 - 0x00007ff8776d2000 	C:\Windows\SYSTEM32\kernel.appcore.dll
0x00007ff876870000 - 0x00007ff87687a000 	C:\Users\My-PC\.p2\pool\plugins\org.eclipse.justj.openjdk.hotspot.jre.full.win32.x86_64_22.0.1.v20240426-1149\jre\bin\jimage.dll
0x00007ff866550000 - 0x00007ff866734000 	C:\Windows\SYSTEM32\DBGHELP.DLL
0x00007ff866500000 - 0x00007ff866534000 	C:\Windows\SYSTEM32\dbgcore.DLL
0x00007ff879840000 - 0x00007ff8798c2000 	C:\Windows\System32\bcryptPrimitives.dll
0x00007ff8746d0000 - 0x00007ff8746ee000 	C:\Users\My-PC\.p2\pool\plugins\org.eclipse.justj.openjdk.hotspot.jre.full.win32.x86_64_22.0.1.v20240426-1149\jre\bin\java.dll
0x00007ff87b4f0000 - 0x00007ff87bc5f000 	C:\Windows\System32\SHELL32.dll
0x00007ff87aee0000 - 0x00007ff87b00b000 	C:\Windows\System32\ole32.dll
0x00007ff87a7a0000 - 0x00007ff87aaf3000 	C:\Windows\System32\combase.dll

dbghelp: loaded successfully - version: 4.0.5 - missing functions: none
symbol engine: initialized successfully - sym options: 0x614 - pdb path: .;C:\Users\My-PC\.p2\pool\plugins\org.eclipse.justj.openjdk.hotspot.jre.full.win32.x86_64_22.0.1.v20240426-1149\jre\bin;C:\Windows\SYSTEM32;C:\Windows\WinSxS\amd64_microsoft.windows.common-controls_6595b64144ccf1df_6.0.19041.4355_none_60b8b9eb71f62e16;C:\Users\My-PC\.p2\pool\plugins\org.eclipse.justj.openjdk.hotspot.jre.full.win32.x86_64_22.0.1.v20240426-1149\jre\bin\server

VM Arguments:
jvm_args: -Dfile.encoding=UTF-8 -Dstdout.encoding=UTF-8 -Dstderr.encoding=UTF-8 --module-path=C:\Users\My-PC\eclipse-workspace\BusRese\bin;C:\Users\My-PC\eclipse-workspace\BusRese\driver\mysql-connector-j-8.0.33.jar -XX:+ShowCodeDetailsInExceptionMessages -Djdk.module.main=BusRese 
java_command: BusRese/BusRese.BusReserve
java_class_path (initial): <not set>
Launcher Type: SUN_STANDARD

[Global flags]
     intx CICompilerCount                          = 2                                         {product} {ergonomic}
     uint ConcGCThreads                            = 1                                         {product} {ergonomic}
     uint G1ConcRefinementThreads                  = 2                                         {product} {ergonomic}
   size_t G1HeapRegionSize                         = 1048576                                   {product} {ergonomic}
   size_t InitialHeapSize                          = 65011712                                  {product} {ergonomic}
   size_t MarkStackSize                            = 4194304                                   {product} {ergonomic}
   size_t MaxHeapSize                              = 1031798784                                {product} {ergonomic}
   size_t MinHeapDeltaBytes                        = 1048576                                   {product} {ergonomic}
   size_t MinHeapSize                              = 8388608                                   {product} {ergonomic}
    uintx NonNMethodCodeHeapSize                   = 5826188                                {pd product} {ergonomic}
    uintx NonProfiledCodeHeapSize                  = 122916026                              {pd product} {ergonomic}
    uintx ProfiledCodeHeapSize                     = 122916026                              {pd product} {ergonomic}
    uintx ReservedCodeCacheSize                    = 251658240                              {pd product} {ergonomic}
     bool SegmentedCodeCache                       = true                                      {product} {ergonomic}
     bool ShowCodeDetailsInExceptionMessages       = true                                   {manageable} {command line}
   size_t SoftMaxHeapSize                          = 1031798784                             {manageable} {ergonomic}
     bool UseCompressedOops                        = true                           {product lp64_product} {ergonomic}
     bool UseG1GC                                  = true                                      {product} {ergonomic}
     bool UseLargePagesIndividualAllocation        = false                                  {pd product} {ergonomic}

Logging:
Log output configuration:
 #0: stdout all=warning uptime,level,tags foldmultilines=false
 #1: stderr all=off uptime,level,tags foldmultilines=false

Environment Variables:
PATH=C:/Users/My-PC/.p2/pool/plugins/org.eclipse.justj.openjdk.hotspot.jre.full.win32.x86_64_22.0.1.v20240426-1149/jre/bin/server;C:/Users/My-PC/.p2/pool/plugins/org.eclipse.justj.openjdk.hotspot.jre.full.win32.x86_64_22.0.1.v20240426-1149/jre/bin;C:\Program Files\Common Files\Oracle\Java\javapath;C:\Windows\system32;C:\Windows;C:\Windows\System32\Wbem;C:\Windows\System32\WindowsPowerShell\v1.0\;C:\Windows\System32\OpenSSH\;C:\Program Files\MySQL\MySQL Server 8.0\bin;C:\Program Files\MySQL\MySQL Shell 8.0\bin\;C:\Users\My-PC\AppData\Local\Microsoft\WindowsApps;C:\vs code\Microsoft VS Code\bin;C:\Users\My-PC\Desktop;
USERNAME=My-PC
OS=Windows_NT
PROCESSOR_IDENTIFIER=AMD64 Family 21 Model 112 Stepping 0, AuthenticAMD
TMP=C:\Users\My-PC\AppData\Local\Temp
TEMP=C:\Users\My-PC\AppData\Local\Temp




Periodic native trim disabled

---------------  S Y S T E M  ---------------

OS:
 Windows 10 , 64 bit Build 19041 (10.0.19041.4717)
OS uptime: 8 days 17:56 hours

CPU: total 2 (initial active 2) (2 cores per cpu, 1 threads per core) family 21 model 112 stepping 0 microcode 0x0, cx8, cmov, fxsr, mmx, 3dnowpref, sse, sse2, sse3, ssse3, sse4a, sse4.1, sse4.2, popcnt, lzcnt, tsc, tscinvbit, avx, avx2, aes, clmul, bmi1, bmi2, fma, vzeroupper, clflush, rdtscp, f16c
Processor Information for all 2 processors :
  Max Mhz: 2500, Current Mhz: 2500, Mhz Limit: 2500

Memory: 4k page, system-wide physical 3935M (433M free)
TotalPageFile size 8031M (AvailPageFile size 46M)
current process WorkingSet (physical memory assigned to process): 11M, peak: 11M
current process commit charge ("private bytes"): 47M, peak: 109M

vm_info: OpenJDK 64-Bit Server VM (22.0.1+8) for windows-amd64 JRE (22.0.1+8), built on 2024-04-16T00:00:00Z by "admin" with MS VC++ 17.7 (VS2022)

END.
